1592568412290:h
1592568430038:stacktrace
1592568434773:help
1592568446356:g
1592568454956:g den
1592568741923:go
1592568756829:den
1592568812378:go
1592568815604:den
1592568823102:help
1592568936157:go
1592568938739:den
1592569062188:g
1592569080127:n den
1592571038293:go
1592571045760:nane den
1592571053177:name den
1592571060153:start
1592571666993:go
1592571677245:name den
1592571683289:start
1592571688895:a 5
1592572121457:go
1592572125512:name den
1592572129527:start
1592572135443:answer 5
1592572150534:stacktrace
1592572214424:go
1592572217846:name den
1592572220851:start
1592572224457:answer 5
1592572298648:go
1592572303322:name den
1592572305257:start
1592572308770:answer 5
1592572358134:go
1592572361358:name den
1592572363539:start
1592572367428:answer 5
1592572372144:answer 4
1592644815495:go
1592644823111:name Den
1592644828369:start
1592645256220:g
1592645266949:name den
1592645272317:start
1592645282385:a 5
1592645287116:a 4
1592645291084:a 2
1592645298086:a 5
1592645316217:stacktrace
1592646007326:g
1592646010006:n den
1592646035588:g
1592646039245:n den
1592646041134:s
1592646043595:a 5
1592646058598:a 6
1592646079500:s
1592646099681:g
1592646104835:s
1592646119455:a 7
1592646125221:p
1592646210487:stacktrace
1592646238876:p
1592646634219:a 6
1592646681233:a 7
1592646785127:s
1592646930230:s 6
1592647036189:g
1592647304694:ф 6
1592647309235:a 6
1592647314334:s
1592647359634:a 6
1592647372735:g
1592647517127:p
1592647521894:a 6
1592647526389:s
1592647528879:g
1592647536824:n den
1592647540959:s
1592647577881:p
1592647580065:s
1592647661658:p
1592647664719:s
1592647670067:a 6
1592647673104:g
1592647675578:s
1592647684014:n den
1592647686870:s
1592647878453:p
1592647882424:a 6
1592647884416:s
1592647931505:p
1592647933436:a 6
1592647934629:s
1592648121120:p
1592648124455:a 6
1592648125728:s
1592648234504:t
1592648236899:p
1592648238523:g
1592648243075:s
1592648246115:n den
1592648248312:s
1592648251026:a 5
1592648338700:g
1592648343216:n den
1592648345018:s
1592648347448:a 5
1592648349833:a 4
1592648353157:a 2
1592648359825:a4
1592648365060:a 3
1592648366855:a 5
1592648416416:p
1592649086687:s
1592649095354:a 6
1592649099603:g
1592649102724:n den
1592649105714:s
1592649108300:a 5
1592649111479:a 1
1592649118297:a 5
1592649120363:p
